mode: set
github.com/iskandardevan/book-library/business/authors/usecase.go:14.83,19.2 1 1
github.com/iskandardevan/book-library/business/authors/usecase.go:21.93,22.24 1 1
github.com/iskandardevan/book-library/business/authors/usecase.go:25.2,25.23 1 1
github.com/iskandardevan/book-library/business/authors/usecase.go:28.2,28.21 1 1
github.com/iskandardevan/book-library/business/authors/usecase.go:31.2,31.24 1 1
github.com/iskandardevan/book-library/business/authors/usecase.go:34.2,34.26 1 1
github.com/iskandardevan/book-library/business/authors/usecase.go:38.2,39.16 2 1
github.com/iskandardevan/book-library/business/authors/usecase.go:43.2,43.20 1 1
github.com/iskandardevan/book-library/business/authors/usecase.go:22.24,24.3 1 1
github.com/iskandardevan/book-library/business/authors/usecase.go:25.23,27.3 1 1
github.com/iskandardevan/book-library/business/authors/usecase.go:28.21,30.3 1 1
github.com/iskandardevan/book-library/business/authors/usecase.go:31.24,33.3 1 1
github.com/iskandardevan/book-library/business/authors/usecase.go:34.26,36.3 1 1
github.com/iskandardevan/book-library/business/authors/usecase.go:39.16,41.3 1 0
github.com/iskandardevan/book-library/business/authors/usecase.go:46.84,48.16 2 1
github.com/iskandardevan/book-library/business/authors/usecase.go:51.2,51.20 1 1
github.com/iskandardevan/book-library/business/authors/usecase.go:48.16,50.3 1 1
github.com/iskandardevan/book-library/business/authors/usecase.go:54.73,56.16 2 1
github.com/iskandardevan/book-library/business/authors/usecase.go:59.2,59.12 1 1
github.com/iskandardevan/book-library/business/authors/usecase.go:56.16,58.3 1 1
github.com/iskandardevan/book-library/business/books/usecase.go:14.78,19.2 1 1
github.com/iskandardevan/book-library/business/books/usecase.go:21.89,22.24 1 1
github.com/iskandardevan/book-library/business/books/usecase.go:25.2,25.25 1 1
github.com/iskandardevan/book-library/business/books/usecase.go:28.2,28.35 1 1
github.com/iskandardevan/book-library/business/books/usecase.go:31.2,32.16 2 1
github.com/iskandardevan/book-library/business/books/usecase.go:36.2,36.18 1 1
github.com/iskandardevan/book-library/business/books/usecase.go:22.24,24.3 1 1
github.com/iskandardevan/book-library/business/books/usecase.go:25.25,27.3 1 1
github.com/iskandardevan/book-library/business/books/usecase.go:28.35,30.3 1 1
github.com/iskandardevan/book-library/business/books/usecase.go:32.16,34.3 1 0
github.com/iskandardevan/book-library/business/books/usecase.go:39.80,41.16 2 1
github.com/iskandardevan/book-library/business/books/usecase.go:44.2,44.18 1 1
github.com/iskandardevan/book-library/business/books/usecase.go:41.16,43.3 1 1
github.com/iskandardevan/book-library/business/books/usecase.go:47.71,49.16 2 1
github.com/iskandardevan/book-library/business/books/usecase.go:52.2,52.12 1 1
github.com/iskandardevan/book-library/business/books/usecase.go:49.16,51.3 1 1
github.com/iskandardevan/book-library/business/publishers/usecase.go:14.93,19.2 1 1
github.com/iskandardevan/book-library/business/publishers/usecase.go:21.99,22.24 1 1
github.com/iskandardevan/book-library/business/publishers/usecase.go:25.2,25.23 1 1
github.com/iskandardevan/book-library/business/publishers/usecase.go:28.2,28.24 1 1
github.com/iskandardevan/book-library/business/publishers/usecase.go:31.2,31.26 1 1
github.com/iskandardevan/book-library/business/publishers/usecase.go:35.2,36.16 2 1
github.com/iskandardevan/book-library/business/publishers/usecase.go:40.2,40.23 1 1
github.com/iskandardevan/book-library/business/publishers/usecase.go:22.24,24.3 1 1
github.com/iskandardevan/book-library/business/publishers/usecase.go:25.23,27.3 1 1
github.com/iskandardevan/book-library/business/publishers/usecase.go:28.24,30.3 1 1
github.com/iskandardevan/book-library/business/publishers/usecase.go:31.26,33.3 1 1
github.com/iskandardevan/book-library/business/publishers/usecase.go:36.16,38.3 1 0
github.com/iskandardevan/book-library/business/publishers/usecase.go:43.90,45.16 2 1
github.com/iskandardevan/book-library/business/publishers/usecase.go:48.2,48.23 1 1
github.com/iskandardevan/book-library/business/publishers/usecase.go:45.16,47.3 1 1
github.com/iskandardevan/book-library/business/publishers/usecase.go:51.76,53.16 2 1
github.com/iskandardevan/book-library/business/publishers/usecase.go:56.2,56.12 1 1
github.com/iskandardevan/book-library/business/publishers/usecase.go:53.16,55.3 1 1
github.com/iskandardevan/book-library/business/users/usecase.go:20.109,26.2 1 1
github.com/iskandardevan/book-library/business/users/usecase.go:28.94,29.24 1 1
github.com/iskandardevan/book-library/business/users/usecase.go:32.2,32.27 1 1
github.com/iskandardevan/book-library/business/users/usecase.go:36.2,37.16 2 1
github.com/iskandardevan/book-library/business/users/usecase.go:41.2,41.18 1 1
github.com/iskandardevan/book-library/business/users/usecase.go:29.24,31.3 1 1
github.com/iskandardevan/book-library/business/users/usecase.go:32.27,34.3 1 1
github.com/iskandardevan/book-library/business/users/usecase.go:37.16,39.3 1 0
github.com/iskandardevan/book-library/business/users/usecase.go:44.114,45.17 1 1
github.com/iskandardevan/book-library/business/users/usecase.go:48.2,48.20 1 1
github.com/iskandardevan/book-library/business/users/usecase.go:52.2,53.16 2 1
github.com/iskandardevan/book-library/business/users/usecase.go:56.2,57.21 2 1
github.com/iskandardevan/book-library/business/users/usecase.go:60.2,60.17 1 1
github.com/iskandardevan/book-library/business/users/usecase.go:63.2,63.25 1 1
github.com/iskandardevan/book-library/business/users/usecase.go:45.17,47.3 1 1
github.com/iskandardevan/book-library/business/users/usecase.go:48.20,51.3 1 1
github.com/iskandardevan/book-library/business/users/usecase.go:53.16,55.3 1 0
github.com/iskandardevan/book-library/business/users/usecase.go:57.21,59.3 1 0
github.com/iskandardevan/book-library/business/users/usecase.go:60.17,62.3 1 0
github.com/iskandardevan/book-library/business/users/usecase.go:66.82,68.16 2 1
github.com/iskandardevan/book-library/business/users/usecase.go:71.2,71.13 1 1
github.com/iskandardevan/book-library/business/users/usecase.go:74.2,74.18 1 1
github.com/iskandardevan/book-library/business/users/usecase.go:68.16,70.3 1 0
github.com/iskandardevan/book-library/business/users/usecase.go:71.13,73.3 1 1
github.com/iskandardevan/book-library/business/users/usecase.go:77.79,79.16 2 1
github.com/iskandardevan/book-library/business/users/usecase.go:82.2,82.18 1 1
github.com/iskandardevan/book-library/business/users/usecase.go:79.16,81.3 1 1
github.com/iskandardevan/book-library/business/users/usecase.go:85.104,88.16 3 1
github.com/iskandardevan/book-library/business/users/usecase.go:91.2,91.18 1 1
github.com/iskandardevan/book-library/business/users/usecase.go:88.16,90.3 1 1
github.com/iskandardevan/book-library/business/users/usecase.go:95.79,97.16 2 1
github.com/iskandardevan/book-library/business/users/usecase.go:100.2,100.12 1 1
github.com/iskandardevan/book-library/business/users/usecase.go:97.16,99.3 1 1
github.com/iskandardevan/book-library/business/reservations/usecase.go:14.98,19.2 1 1
github.com/iskandardevan/book-library/business/reservations/usecase.go:21.102,22.25 1 1
github.com/iskandardevan/book-library/business/reservations/usecase.go:25.2,25.24 1 1
github.com/iskandardevan/book-library/business/reservations/usecase.go:28.2,29.16 2 1
github.com/iskandardevan/book-library/business/reservations/usecase.go:32.2,32.25 1 1
github.com/iskandardevan/book-library/business/reservations/usecase.go:22.25,24.3 1 1
github.com/iskandardevan/book-library/business/reservations/usecase.go:25.24,27.3 1 1
github.com/iskandardevan/book-library/business/reservations/usecase.go:29.16,31.3 1 0
github.com/iskandardevan/book-library/business/reservations/usecase.go:35.94,37.16 2 1
github.com/iskandardevan/book-library/business/reservations/usecase.go:40.2,40.25 1 1
github.com/iskandardevan/book-library/business/reservations/usecase.go:37.16,39.3 1 1
github.com/iskandardevan/book-library/business/reservations/usecase.go:43.78,45.16 2 1
github.com/iskandardevan/book-library/business/reservations/usecase.go:48.2,48.12 1 1
github.com/iskandardevan/book-library/business/reservations/usecase.go:45.16,47.3 1 1
