mode: set
github.com/iskandardevan/book-library/business/users/usecase.go:20.109,26.2 1 1
github.com/iskandardevan/book-library/business/users/usecase.go:28.94,29.24 1 1
github.com/iskandardevan/book-library/business/users/usecase.go:32.2,32.27 1 1
github.com/iskandardevan/book-library/business/users/usecase.go:35.2,36.16 2 1
github.com/iskandardevan/book-library/business/users/usecase.go:39.2,39.17 1 1
github.com/iskandardevan/book-library/business/users/usecase.go:42.2,42.27 1 1
github.com/iskandardevan/book-library/business/users/usecase.go:46.2,47.16 2 1
github.com/iskandardevan/book-library/business/users/usecase.go:51.2,51.18 1 1
github.com/iskandardevan/book-library/business/users/usecase.go:29.24,31.3 1 0
github.com/iskandardevan/book-library/business/users/usecase.go:32.27,34.3 1 0
github.com/iskandardevan/book-library/business/users/usecase.go:36.16,38.3 1 0
github.com/iskandardevan/book-library/business/users/usecase.go:39.17,41.3 1 0
github.com/iskandardevan/book-library/business/users/usecase.go:42.27,44.3 1 0
github.com/iskandardevan/book-library/business/users/usecase.go:47.16,49.3 1 0
github.com/iskandardevan/book-library/business/users/usecase.go:54.114,55.17 1 1
github.com/iskandardevan/book-library/business/users/usecase.go:58.2,58.20 1 1
github.com/iskandardevan/book-library/business/users/usecase.go:62.2,63.16 2 1
github.com/iskandardevan/book-library/business/users/usecase.go:66.2,67.21 2 1
github.com/iskandardevan/book-library/business/users/usecase.go:70.2,70.17 1 1
github.com/iskandardevan/book-library/business/users/usecase.go:73.2,73.25 1 1
github.com/iskandardevan/book-library/business/users/usecase.go:55.17,57.3 1 0
github.com/iskandardevan/book-library/business/users/usecase.go:58.20,61.3 1 1
github.com/iskandardevan/book-library/business/users/usecase.go:63.16,65.3 1 0
github.com/iskandardevan/book-library/business/users/usecase.go:67.21,69.3 1 0
github.com/iskandardevan/book-library/business/users/usecase.go:70.17,72.3 1 0
github.com/iskandardevan/book-library/business/users/usecase.go:76.82,78.16 2 0
github.com/iskandardevan/book-library/business/users/usecase.go:81.2,81.13 1 0
github.com/iskandardevan/book-library/business/users/usecase.go:84.2,84.18 1 0
github.com/iskandardevan/book-library/business/users/usecase.go:78.16,80.3 1 0
github.com/iskandardevan/book-library/business/users/usecase.go:81.13,83.3 1 0
github.com/iskandardevan/book-library/business/users/usecase.go:87.104,90.16 3 1
github.com/iskandardevan/book-library/business/users/usecase.go:93.2,93.18 1 1
github.com/iskandardevan/book-library/business/users/usecase.go:90.16,92.3 1 1
github.com/iskandardevan/book-library/business/users/usecase.go:97.79,99.16 2 1
github.com/iskandardevan/book-library/business/users/usecase.go:102.2,102.12 1 1
github.com/iskandardevan/book-library/business/users/usecase.go:99.16,101.3 1 1
